<?xml version="1.0" encoding="utf-8" standalone="no"?>
<test-run id="0" runstate="Runnable" testcasecount="1" result="Passed" total="1" passed="1" failed="0" inconclusive="0" skipped="0" asserts="1" engine-version="3.11.1.0" clr-version="4.0.30319.42000" start-time="2020-05-06 14:38:05Z" end-time="2020-05-06 14:38:06Z" duration="0.599040">
  <command-line><![CDATA["E:\Repos\WpfApp1\packages\NUnit.ConsoleRunner.3.11.1\tools\nunit3-console.exe" .\ClassLibrary1.dll]]></command-line>
  <test-suite type="Assembly" id="0-1002" name="ClassLibrary1.dll" fullname="E:\Repos\WpfApp1\ClassLibrary1\bin\Debug\ClassLibrary1.dll" runstate="Runnable" testcasecount="1" result="Passed" start-time="2020-05-06 14:38:05Z" end-time="2020-05-06 14:38:05Z" duration="0.028778" total="1" passed="1" failed="0" warnings="0" inconclusive="0" skipped="0" asserts="1">
    <environment framework-version="3.12.0.0" clr-version="4.0.30319.42000" os-version="Microsoft Windows NT 10.0.18362.0" platform="Win32NT" cwd="E:\Repos\WpfApp1\ClassLibrary1\bin\Debug" machine-name="DESKTOP-K9AR64A" user="repli" user-domain="DESKTOP-K9AR64A" culture="ru-BY" uiculture="ru-RU" os-architecture="x64" />
    <settings>
      <setting name="DisposeRunners" value="True" />
      <setting name="WorkDirectory" value="E:\Repos\WpfApp1\ClassLibrary1\bin\Debug" />
      <setting name="ImageRuntimeVersion" value="4.0.30319" />
      <setting name="ImageTargetFrameworkName" value=".NETFramework,Version=v4.7.2" />
      <setting name="ImageRequiresX86" value="False" />
      <setting name="ImageRequiresDefaultAppDomainAssemblyResolver" value="False" />
      <setting name="RuntimeFramework" value="net-4.0" />
      <setting name="NumberOfTestWorkers" value="8" />
    </settings>
    <properties>
      <property name="_PID" value="26792" />
      <property name="_APPDOMAIN" value="domain-" />
    </properties>
    <test-suite type="TestSuite" id="0-1003" name="ClassLibrary1" fullname="ClassLibrary1" runstate="Runnable" testcasecount="1" result="Passed" start-time="2020-05-06 14:38:05Z" end-time="2020-05-06 14:38:05Z" duration="0.016200" total="1" passed="1" failed="0" warnings="0" inconclusive="0" skipped="0" asserts="1">
      <test-suite type="TestFixture" id="0-1000" name="Test1" fullname="ClassLibrary1.Test1" classname="ClassLibrary1.Test1" runstate="Runnable" testcasecount="1" result="Passed" start-time="2020-05-06 14:38:05Z" end-time="2020-05-06 14:38:05Z" duration="0.013118" total="1" passed="1" failed="0" warnings="0" inconclusive="0" skipped="0" asserts="1">
        <test-case id="0-1001" name="Test" fullname="ClassLibrary1.Test1.Test" methodname="Test" classname="ClassLibrary1.Test1" runstate="Runnable" seed="978001280" result="Passed" start-time="2020-05-06 14:38:05Z" end-time="2020-05-06 14:38:05Z" duration="0.006124" asserts="1" />
      </test-suite>
    </test-suite>
  </test-suite>
</test-run>